[2025-06-30 11:58:15] [INFO] [LegalDocTransfer] === LOGGER KHỞI TẠO: LegalDocTransfer ===
[2025-06-30 11:58:15] [INFO] [LegalDocTransfer] Log directory: D:\Project\Legal_documment_transfer\logs
[2025-06-30 11:58:15] [INFO] [LegalDocTransfer] Log level: INFO
[2025-06-30 11:58:15] [INFO] [LegalDocTransfer] File logging: True
[2025-06-30 11:58:15] [INFO] [LegalDocTransfer] Console logging: False
[2025-06-30 14:11:03] [INFO] [LegalDocTransfer] === LOGGER KHỞI TẠO: LegalDocTransfer ===
[2025-06-30 14:11:03] [INFO] [LegalDocTransfer] Log directory: D:\Project\Legal_documment_transfer\logs
[2025-06-30 14:11:03] [INFO] [LegalDocTransfer] Log level: INFO
[2025-06-30 14:11:03] [INFO] [LegalDocTransfer] File logging: True
[2025-06-30 14:11:03] [INFO] [LegalDocTransfer] Console logging: False
[2025-06-30 14:15:07] [INFO] [LegalDocTransfer] === LOGGER KHỞI TẠO: LegalDocTransfer ===
[2025-06-30 14:15:07] [INFO] [LegalDocTransfer] Log directory: D:\Project\Legal_documment_transfer\logs
[2025-06-30 14:15:07] [INFO] [LegalDocTransfer] Log level: INFO
[2025-06-30 14:15:07] [INFO] [LegalDocTransfer] File logging: True
[2025-06-30 14:15:07] [INFO] [LegalDocTransfer] Console logging: False
[2025-06-30 14:27:19] [INFO] [LegalDocTransfer] === LOGGER KHỞI TẠO: LegalDocTransfer ===
[2025-06-30 14:27:19] [INFO] [LegalDocTransfer] Log directory: D:\Project\Legal_documment_transfer\logs
[2025-06-30 14:27:19] [INFO] [LegalDocTransfer] Log level: INFO
[2025-06-30 14:27:19] [INFO] [LegalDocTransfer] File logging: True
[2025-06-30 14:27:19] [INFO] [LegalDocTransfer] Console logging: False
[2025-06-30 14:33:40] [INFO] [LegalDocTransfer] === LOGGER KHỞI TẠO: LegalDocTransfer ===
[2025-06-30 14:33:40] [INFO] [LegalDocTransfer] Log directory: D:\Project\Legal_documment_transfer\logs
[2025-06-30 14:33:40] [INFO] [LegalDocTransfer] Log level: INFO
[2025-06-30 14:33:40] [INFO] [LegalDocTransfer] File logging: True
[2025-06-30 14:33:40] [INFO] [LegalDocTransfer] Console logging: False
[2025-06-30 14:41:29] [INFO] [LegalDocTransfer] === LOGGER KHỞI TẠO: LegalDocTransfer ===
[2025-06-30 14:41:29] [INFO] [LegalDocTransfer] Log directory: D:\Project\Legal_documment_transfer\logs
[2025-06-30 14:41:29] [INFO] [LegalDocTransfer] Log level: INFO
[2025-06-30 14:41:29] [INFO] [LegalDocTransfer] File logging: True
[2025-06-30 14:41:29] [INFO] [LegalDocTransfer] Console logging: False
[2025-06-30 14:42:54] [INFO] [LegalDocTransfer] === LOGGER KHỞI TẠO: LegalDocTransfer ===
[2025-06-30 14:42:54] [INFO] [LegalDocTransfer] Log directory: D:\Project\Legal_documment_transfer\logs
[2025-06-30 14:42:54] [INFO] [LegalDocTransfer] Log level: INFO
[2025-06-30 14:42:54] [INFO] [LegalDocTransfer] File logging: True
[2025-06-30 14:42:54] [INFO] [LegalDocTransfer] Console logging: False
[2025-06-30 14:52:50] [INFO] [LegalDocTransfer] === LOGGER KHỞI TẠO: LegalDocTransfer ===
[2025-06-30 14:52:50] [INFO] [LegalDocTransfer] Log directory: D:\Project\Legal_documment_transfer\logs
[2025-06-30 14:52:50] [INFO] [LegalDocTransfer] Log level: INFO
[2025-06-30 14:52:50] [INFO] [LegalDocTransfer] File logging: True
[2025-06-30 14:52:50] [INFO] [LegalDocTransfer] Console logging: False
[2025-06-30 15:00:36] [INFO] [LegalDocTransfer] === LOGGER KHỞI TẠO: LegalDocTransfer ===
[2025-06-30 15:00:36] [INFO] [LegalDocTransfer] Log directory: D:\Project\Legal_documment_transfer\logs
[2025-06-30 15:00:36] [INFO] [LegalDocTransfer] Log level: INFO
[2025-06-30 15:00:36] [INFO] [LegalDocTransfer] File logging: True
[2025-06-30 15:00:36] [INFO] [LegalDocTransfer] Console logging: False
