[2025-06-29 09:32:31] [INFO] [LegalDocTransfer] === LOGGER KHỞI TẠO: LegalDocTransfer ===
[2025-06-29 09:32:31] [INFO] [LegalDocTransfer] Log directory: D:\Project\Legal_documment_transfer\logs
[2025-06-29 09:32:31] [INFO] [LegalDocTransfer] Log level: INFO
[2025-06-29 09:32:31] [INFO] [LegalDocTransfer] File logging: True
[2025-06-29 09:32:31] [INFO] [LegalDocTransfer] Console logging: False
[2025-06-29 09:33:08] [INFO] [LegalDocTransfer] === LOGGER KHỞI TẠO: LegalDocTransfer ===
[2025-06-29 09:33:08] [INFO] [LegalDocTransfer] Log directory: D:\Project\Legal_documment_transfer\logs
[2025-06-29 09:33:08] [INFO] [LegalDocTransfer] Log level: INFO
[2025-06-29 09:33:08] [INFO] [LegalDocTransfer] File logging: True
[2025-06-29 09:33:08] [INFO] [LegalDocTransfer] Console logging: False
[2025-06-29 09:34:35] [INFO] [LegalDocTransfer] === LOGGER KHỞI TẠO: LegalDocTransfer ===
[2025-06-29 09:34:35] [INFO] [LegalDocTransfer] Log directory: D:\Project\Legal_documment_transfer\logs
[2025-06-29 09:34:35] [INFO] [LegalDocTransfer] Log level: INFO
[2025-06-29 09:34:35] [INFO] [LegalDocTransfer] File logging: True
[2025-06-29 09:34:35] [INFO] [LegalDocTransfer] Console logging: False
[2025-06-29 09:34:59] [INFO] [LegalDocTransfer] === LOGGER KHỞI TẠO: LegalDocTransfer ===
[2025-06-29 09:34:59] [INFO] [LegalDocTransfer] Log directory: D:\Project\Legal_documment_transfer\logs
[2025-06-29 09:34:59] [INFO] [LegalDocTransfer] Log level: INFO
[2025-06-29 09:34:59] [INFO] [LegalDocTransfer] File logging: True
[2025-06-29 09:34:59] [INFO] [LegalDocTransfer] Console logging: False
[2025-06-29 09:35:24] [INFO] [LegalDocTransfer] === LOGGER KHỞI TẠO: LegalDocTransfer ===
[2025-06-29 09:35:24] [INFO] [LegalDocTransfer] Log directory: D:\Project\Legal_documment_transfer\logs
[2025-06-29 09:35:24] [INFO] [LegalDocTransfer] Log level: INFO
[2025-06-29 09:35:24] [INFO] [LegalDocTransfer] File logging: True
[2025-06-29 09:35:24] [INFO] [LegalDocTransfer] Console logging: False
[2025-06-29 09:35:46] [INFO] [LegalDocTransfer] === LOGGER KHỞI TẠO: LegalDocTransfer ===
[2025-06-29 09:35:46] [INFO] [LegalDocTransfer] Log directory: D:\Project\Legal_documment_transfer\logs
[2025-06-29 09:35:46] [INFO] [LegalDocTransfer] Log level: INFO
[2025-06-29 09:35:46] [INFO] [LegalDocTransfer] File logging: True
[2025-06-29 09:35:46] [INFO] [LegalDocTransfer] Console logging: False
[2025-06-29 09:36:50] [INFO] [LegalDocTransfer] === LOGGER KHỞI TẠO: LegalDocTransfer ===
[2025-06-29 09:36:50] [INFO] [LegalDocTransfer] Log directory: D:\Project\Legal_documment_transfer\logs
[2025-06-29 09:36:50] [INFO] [LegalDocTransfer] Log level: INFO
[2025-06-29 09:36:50] [INFO] [LegalDocTransfer] File logging: True
[2025-06-29 09:36:50] [INFO] [LegalDocTransfer] Console logging: False
