[2025-06-30 11:58:17] [INFO] [sender] === LOGGER KHỞI TẠO: sender ===
[2025-06-30 11:58:17] [INFO] [sender] Log directory: D:\Project\Legal_documment_transfer\logs
[2025-06-30 11:58:17] [INFO] [sender] Log level: INFO
[2025-06-30 11:58:17] [INFO] [sender] File logging: True
[2025-06-30 11:58:17] [INFO] [sender] Console logging: False
[2025-06-30 11:58:19] [INFO] [sender] [CRYPTO] Generated RSA 2048-bit keypair
[2025-06-30 14:15:08] [INFO] [sender] === LOGGER KHỞI TẠO: sender ===
[2025-06-30 14:15:08] [INFO] [sender] Log directory: D:\Project\Legal_documment_transfer\logs
[2025-06-30 14:15:08] [INFO] [sender] Log level: INFO
[2025-06-30 14:15:08] [INFO] [sender] File logging: True
[2025-06-30 14:15:08] [INFO] [sender] Console logging: False
[2025-06-30 14:15:11] [INFO] [sender] [CRYPTO] Generated RSA 2048-bit keypair
[2025-06-30 14:27:19] [INFO] [sender] === LOGGER KHỞI TẠO: sender ===
[2025-06-30 14:27:19] [INFO] [sender] Log directory: D:\Project\Legal_documment_transfer\logs
[2025-06-30 14:27:19] [INFO] [sender] Log level: INFO
[2025-06-30 14:27:19] [INFO] [sender] File logging: True
[2025-06-30 14:27:19] [INFO] [sender] Console logging: False
[2025-06-30 14:27:21] [INFO] [sender] [CRYPTO] Generated RSA 2048-bit keypair
[2025-06-30 14:33:40] [INFO] [sender] === LOGGER KHỞI TẠO: sender ===
[2025-06-30 14:33:40] [INFO] [sender] Log directory: D:\Project\Legal_documment_transfer\logs
[2025-06-30 14:33:40] [INFO] [sender] Log level: INFO
[2025-06-30 14:33:40] [INFO] [sender] File logging: True
[2025-06-30 14:33:40] [INFO] [sender] Console logging: False
[2025-06-30 14:33:41] [INFO] [sender] [CRYPTO] Generated RSA 2048-bit keypair
